<?xml version="1.0" encoding="UTF-8"?>
<!-- Generated by org.testng.reporters.JUnitXMLReporter -->
<testsuite ignored="0" hostname="DESKTOP-P2TSU4B" failures="0" tests="6" name="Default test" time="131.278" errors="0" timestamp="29 Jun 2023 16:20:04 GMT">
  <testcase classname="com.ECartAID.TestCases.SliderCarouseTestCases" name="VerifyCrousel" time="2.703"/>
  <testcase classname="com.ECartAID.TestCases.SliderCarouseTestCases" name="testMoveSliderCarouselNext" time="0.399"/>
  <testcase classname="com.ECartAID.TestCases.SliderCarouseTestCases" name="testMoveSliderCarouselPrevious" time="0.415"/>
  <testcase classname="com.ECartAID.TestCases.SliderCarouseTestCases" name="testSliderCarouselDisplayed" time="0.979"/>
  <testcase classname="com.ECartAID.TestCases.SliderCarouseTestCases" name="testMoveSliderCarouselNextMultipleTimes" time="1.539"/>
  <testcase classname="com.ECartAID.TestCases.SliderCarouseTestCases" name="testMoveSliderCarouselPreviousMultipleTimes" time="1.799"/>
</testsuite> <!-- Default test -->
