<?xml version="1.0" encoding="UTF-8"?>
<!-- Generated by org.testng.reporters.JUnitXMLReporter -->
<testsuite ignored="0" hostname="DESKTOP-P2TSU4B" failures="1" tests="5" name="Test" time="92.848" errors="0" timestamp="26 Jun 2023 10:42:30 GMT">
  <testcase classname="com.ECartAID.TestCases.HomePageTestCases" name="verifytitle" time="0.108"/>
  <testcase classname="com.ECartAID.TestCases.UserSignUpTestCases" name="newusersignupvisiblity" time="0.041">
    <failure type="java.lang.NullPointerException" message="Cannot invoke &amp;quot;com.ECartAID.TestPages.UserSignPage.newusersignupvisible()&amp;quot; because &amp;quot;this.uspage&amp;quot; is null">
      <![CDATA[java.lang.NullPointerException: Cannot invoke "com.ECartAID.TestPages.UserSignPage.newusersignupvisible()" because "this.uspage" is null
at com.ECartAID.TestCases.UserSignUpTestCases.newusersignupvisiblity(UserSignUpTestCases.java:47)
... Removed 25 stack frames]]>
    </failure>
  </testcase> <!-- newusersignupvisiblity -->
  <testcase classname="com.ECartAID.TestCases.UserSignUpTestCases" name="signup" time="5.235"/>
  <testcase classname="com.ECartAID.TestCases.LoginPageTestCases" name="login" time="9.229"/>
  <testcase classname="com.ECartAID.TestCases.HomePageTestCases" name="verifycategoryvisiblity" time="0.143"/>
</testsuite> <!-- Test -->
